$GREEN2024/09/13 17:41:49.471 下午$RESET | {ERROR} | 28356 | 3i32 
$GREEN2024/09/13 17:41:49.471 下午$RESET | {ERROR} | 28356 |  main @ 56 : CXXVector ( 1 , 2 , 3 , 4 ) 
$GREEN2024/09/13 17:41:49.471 下午$RESET | {ERROR} | 28356 |  main @ 57 : CXXVector ( 恭 , 喜 , 发 , 财 ) 
$GREEN2024/09/13 17:43:02.020 下午$RESET | {ERROR} | 13568 | 3i32 
$GREEN2024/09/13 17:43:02.020 下午$RESET | {ERROR} | 13568 |  main @ 56 : CXXVector ( 1 , 2 , 3 , 4 ) 
$GREEN2024/09/13 17:43:02.020 下午$RESET | {ERROR} | 13568 |  main @ 57 : CXXVector ( 恭 , 喜 , 发 , 财 ) 
$GREEN2024/09/13 18:46:29.855 下午$RESET | {ERROR} | 29128 | 3i32 
$GREEN2024/09/13 18:46:29.855 下午$RESET | {ERROR} | 29128 |  main @ 56 : CXXVector ( 1 , 2 , 3 , 4 ) 
$GREEN2024/09/13 18:46:29.855 下午$RESET | {ERROR} | 29128 |  main @ 57 : CXXVector ( 恭 , 喜 , 发 , 财 ) 
$GREEN2024/09/13 18:48:06.046 下午$RESET | {ERROR} | 10988 | 3i32 
$GREEN2024/09/13 18:48:06.046 下午$RESET | {ERROR} | 10988 |  main @ 56 : CXXVector ( 1 , 2 , 3 , 4 ) 
$GREEN2024/09/13 18:48:06.046 下午$RESET | {ERROR} | 10988 |  main @ 57 : CXXVector ( 恭 , 喜 , 发 , 财 ) 
$GREEN2024/09/13 18:48:27.454 下午$RESET | {ERROR} | 26508 | 3i32 
$GREEN2024/09/13 18:48:27.454 下午$RESET | {ERROR} | 26508 |  main @ 56 : CXXVector ( 1 , 2 , 3 , 4 ) 
$GREEN2024/09/13 18:48:27.454 下午$RESET | {ERROR} | 26508 |  main @ 57 : CXXVector ( 恭 , 喜 , 发 , 财 ) 
$GREEN2024/09/13 18:54:24.689 下午$RESET | {ERROR} | 17468 | 3i32 
$GREEN2024/09/13 18:54:24.689 下午$RESET | {ERROR} | 17468 |  main @ 56 : CXXVector ( 1 , 2 , 3 , 4 ) 
$GREEN2024/09/13 18:54:24.689 下午$RESET | {ERROR} | 17468 |  main @ 57 : CXXVector ( 恭 , 喜 , 发 , 财 ) 
$GREEN2024/09/13 19:00:53.524 下午$RESET | {ERROR} | 25188 | 3i32 
$GREEN2024/09/13 19:00:53.524 下午$RESET | {ERROR} | 25188 |  main @ 56 : CXXVector ( 1 , 2 , 3 , 4 ) 
$GREEN2024/09/13 19:00:53.524 下午$RESET | {ERROR} | 25188 |  main @ 57 : CXXVector ( 恭 , 喜 , 发 , 财 ) 
$GREEN2024/09/13 19:04:58.566 下午$RESET | {ERROR} | 13744 | 3i32 
$GREEN2024/09/13 19:04:58.566 下午$RESET | {ERROR} | 13744 |  main @ 56 : CXXVector ( 1 , 2 , 3 , 4 ) 
$GREEN2024/09/13 19:04:58.566 下午$RESET | {ERROR} | 13744 |  main @ 57 : CXXVector ( 恭 , 喜 , 发 , 财 ) 
$GREEN2024/09/13 19:05:32.124 下午$RESET | {ERROR} | 2864 | 3i32 
$GREEN2024/09/13 19:05:32.124 下午$RESET | {ERROR} | 2864 |  main @ 56 : CXXVector ( 1 , 2 , 3 , 4 ) 
$GREEN2024/09/13 19:05:32.124 下午$RESET | {ERROR} | 2864 |  main @ 57 : CXXVector ( 恭 , 喜 , 发 , 财 ) 
$GREEN2024/09/13 19:05:41.634 下午$RESET | {ERROR} | 28532 | 3i32 
$GREEN2024/09/13 19:05:41.634 下午$RESET | {ERROR} | 28532 |  main @ 56 : CXXVector ( 1 , 2 , 3 , 4 ) 
$GREEN2024/09/13 19:05:41.634 下午$RESET | {ERROR} | 28532 |  main @ 57 : CXXVector ( 恭 , 喜 , 发 , 财 ) 
$GREEN2024/09/16 13:52:53.845 下午$RESET | {ERROR} | 17272 | 3i32
$GREEN2024/09/16 13:52:53.845 下午$RESET | {ERROR} | 17272 |  main @ 56 : CXXVector ( 1 , 2 , 3 , 4 )
$GREEN2024/09/16 13:52:53.845 下午$RESET | {ERROR} | 17272 |  main @ 57 : CXXVector ( 恭 , 喜 , 发 , 财 )
